  UI.c
c:\users\tothi\source\repos\project3-4\project3-4\ui.c(38): warning C4996: 'scanf': This function or variable may be unsafe. Consider using scanf_s instead. To disable deprecation, use _CRT_SECURE_NO_WARNINGS. See online help for details.
  c:\program files (x86)\windows kits\10\include\10.0.16299.0\ucrt\stdio.h(1272): note: see declaration of 'scanf'
c:\users\tothi\source\repos\project3-4\project3-4\ui.c(40): warning C4996: 'sscanf': This function or variable may be unsafe. Consider using sscanf_s instead. To disable deprecation, use _CRT_SECURE_NO_WARNINGS. See online help for details.
  c:\program files (x86)\windows kits\10\include\10.0.16299.0\ucrt\stdio.h(2261): note: see declaration of 'sscanf'
c:\users\tothi\source\repos\project3-4\project3-4\ui.c(158): warning C4133: 'function': incompatible types - from 'DynamicRefrigerator *' to 'Product *'
c:\users\tothi\source\repos\project3-4\project3-4\ui.c(175): warning C4133: 'function': incompatible types - from 'DynamicRefrigerator *' to 'Product *'
c:\users\tothi\source\repos\project3-4\project3-4\ui.c(194): warning C4133: 'function': incompatible types - from 'DynamicRefrigerator *' to 'Product *'
c:\users\tothi\source\repos\project3-4\project3-4\ui.c(94): warning C4996: 'scanf': This function or variable may be unsafe. Consider using scanf_s instead. To disable deprecation, use _CRT_SECURE_NO_WARNINGS. See online help for details.
  c:\program files (x86)\windows kits\10\include\10.0.16299.0\ucrt\stdio.h(1272): note: see declaration of 'scanf'
c:\users\tothi\source\repos\project3-4\project3-4\ui.c(96): warning C4996: 'scanf': This function or variable may be unsafe. Consider using scanf_s instead. To disable deprecation, use _CRT_SECURE_NO_WARNINGS. See online help for details.
  c:\program files (x86)\windows kits\10\include\10.0.16299.0\ucrt\stdio.h(1272): note: see declaration of 'scanf'
c:\users\tothi\source\repos\project3-4\project3-4\ui.c(98): warning C4996: 'scanf': This function or variable may be unsafe. Consider using scanf_s instead. To disable deprecation, use _CRT_SECURE_NO_WARNINGS. See online help for details.
  c:\program files (x86)\windows kits\10\include\10.0.16299.0\ucrt\stdio.h(1272): note: see declaration of 'scanf'
c:\users\tothi\source\repos\project3-4\project3-4\ui.c(100): warning C4996: 'scanf': This function or variable may be unsafe. Consider using scanf_s instead. To disable deprecation, use _CRT_SECURE_NO_WARNINGS. See online help for details.
  c:\program files (x86)\windows kits\10\include\10.0.16299.0\ucrt\stdio.h(1272): note: see declaration of 'scanf'
c:\users\tothi\source\repos\project3-4\project3-4\ui.c(112): warning C4996: 'scanf': This function or variable may be unsafe. Consider using scanf_s instead. To disable deprecation, use _CRT_SECURE_NO_WARNINGS. See online help for details.
  c:\program files (x86)\windows kits\10\include\10.0.16299.0\ucrt\stdio.h(1272): note: see declaration of 'scanf'
c:\users\tothi\source\repos\project3-4\project3-4\ui.c(114): warning C4996: 'scanf': This function or variable may be unsafe. Consider using scanf_s instead. To disable deprecation, use _CRT_SECURE_NO_WARNINGS. See online help for details.
  c:\program files (x86)\windows kits\10\include\10.0.16299.0\ucrt\stdio.h(1272): note: see declaration of 'scanf'
c:\users\tothi\source\repos\project3-4\project3-4\ui.c(116): warning C4996: 'scanf': This function or variable may be unsafe. Consider using scanf_s instead. To disable deprecation, use _CRT_SECURE_NO_WARNINGS. See online help for details.
  c:\program files (x86)\windows kits\10\include\10.0.16299.0\ucrt\stdio.h(1272): note: see declaration of 'scanf'
c:\users\tothi\source\repos\project3-4\project3-4\ui.c(118): warning C4996: 'scanf': This function or variable may be unsafe. Consider using scanf_s instead. To disable deprecation, use _CRT_SECURE_NO_WARNINGS. See online help for details.
  c:\program files (x86)\windows kits\10\include\10.0.16299.0\ucrt\stdio.h(1272): note: see declaration of 'scanf'
c:\users\tothi\source\repos\project3-4\project3-4\ui.c(129): warning C4996: 'scanf': This function or variable may be unsafe. Consider using scanf_s instead. To disable deprecation, use _CRT_SECURE_NO_WARNINGS. See online help for details.
  c:\program files (x86)\windows kits\10\include\10.0.16299.0\ucrt\stdio.h(1272): note: see declaration of 'scanf'
c:\users\tothi\source\repos\project3-4\project3-4\ui.c(131): warning C4996: 'scanf': This function or variable may be unsafe. Consider using scanf_s instead. To disable deprecation, use _CRT_SECURE_NO_WARNINGS. See online help for details.
  c:\program files (x86)\windows kits\10\include\10.0.16299.0\ucrt\stdio.h(1272): note: see declaration of 'scanf'
c:\users\tothi\source\repos\project3-4\project3-4\ui.c(148): warning C4996: 'scanf': This function or variable may be unsafe. Consider using scanf_s instead. To disable deprecation, use _CRT_SECURE_NO_WARNINGS. See online help for details.
  c:\program files (x86)\windows kits\10\include\10.0.16299.0\ucrt\stdio.h(1272): note: see declaration of 'scanf'
c:\users\tothi\source\repos\project3-4\project3-4\ui.c(165): warning C4996: 'scanf': This function or variable may be unsafe. Consider using scanf_s instead. To disable deprecation, use _CRT_SECURE_NO_WARNINGS. See online help for details.
  c:\program files (x86)\windows kits\10\include\10.0.16299.0\ucrt\stdio.h(1272): note: see declaration of 'scanf'
c:\users\tothi\source\repos\project3-4\project3-4\ui.c(182): warning C4996: 'scanf': This function or variable may be unsafe. Consider using scanf_s instead. To disable deprecation, use _CRT_SECURE_NO_WARNINGS. See online help for details.
  c:\program files (x86)\windows kits\10\include\10.0.16299.0\ucrt\stdio.h(1272): note: see declaration of 'scanf'
c:\users\tothi\source\repos\project3-4\project3-4\ui.c(186): warning C4996: 'scanf': This function or variable may be unsafe. Consider using scanf_s instead. To disable deprecation, use _CRT_SECURE_NO_WARNINGS. See online help for details.
  c:\program files (x86)\windows kits\10\include\10.0.16299.0\ucrt\stdio.h(1272): note: see declaration of 'scanf'
c:\users\tothi\source\repos\project3-4\project3-4\ui.c(217): warning C4996: 'scanf': This function or variable may be unsafe. Consider using scanf_s instead. To disable deprecation, use _CRT_SECURE_NO_WARNINGS. See online help for details.
  c:\program files (x86)\windows kits\10\include\10.0.16299.0\ucrt\stdio.h(1272): note: see declaration of 'scanf'
  main.c
  Generating Code...
  Project3-4.vcxproj -> C:\Users\tothi\source\repos\Project3-4\Debug\Project3-4.exe
